<?xml version="1.0" encoding="UTF-8"?>
<!-- Generated by org.testng.reporters.JUnitReportReporter -->
<testsuite skipped="0" hostname="Automation_tests" name="pcg1.Test1" tests="1" failures="0" timestamp="21 jÃºn 2018 10:29:43 GMT" time="0.919" errors="0">
  <testcase name="test" time="0.919" classname="pcg1.Test1"/>
</testsuite> <!-- pcg1.Test1 -->
